{"C:\\Users\\Lucas\\Desktop\\tkprojkt\\dbTest.js": {"path":"C:\\Users\\Lucas\\Desktop\\tkprojkt\\dbTest.js","statementMap":{"0":{"start":{"line":1,"column":22},"end":{"line":1,"column":42}},"1":{"start":{"line":3,"column":18},"end":{"line":5,"column":2}},"2":{"start":{"line":7,"column":0},"end":{"line":7,"column":27}}},"fnMap":{},"branchMap":{},"s":{"0":2,"1":2,"2":2},"f":{},"b":{},"_coverageSchema":"1a1c01bbd47fc00a2c39e90264f33305004495a9","hash":"b50f658b0d98b684526431fc8cdf298ddb7421ab"}
,"C:\\Users\\Lucas\\Desktop\\tkprojkt\\models\\characterGame.js": {"path":"C:\\Users\\Lucas\\Desktop\\tkprojkt\\models\\characterGame.js","statementMap":{"0":{"start":{"line":2,"column":22},"end":{"line":2,"column":42}},"1":{"start":{"line":4,"column":0},"end":{"line":54,"column":2}},"2":{"start":{"line":5,"column":24},"end":{"line":49,"column":4}},"3":{"start":{"line":22,"column":24},"end":{"line":22,"column":52}},"4":{"start":{"line":23,"column":8},"end":{"line":23,"column":72}},"5":{"start":{"line":51,"column":2},"end":{"line":51,"column":63}},"6":{"start":{"line":53,"column":2},"end":{"line":53,"column":23}}},"fnMap":{"0":{"name":"(anonymous_0)","decl":{"start":{"line":4,"column":17},"end":{"line":4,"column":18}},"loc":{"start":{"line":4,"column":43},"end":{"line":54,"column":1}},"line":4},"1":{"name":"(anonymous_1)","decl":{"start":{"line":21,"column":6},"end":{"line":21,"column":7}},"loc":{"start":{"line":21,"column":12},"end":{"line":24,"column":7}},"line":21}},"branchMap":{"0":{"loc":{"start":{"line":23,"column":15},"end":{"line":23,"column":71}},"type":"cond-expr","locations":[{"start":{"line":23,"column":25},"end":{"line":23,"column":64}},{"start":{"line":23,"column":67},"end":{"line":23,"column":71}}],"line":23}},"s":{"0":2,"1":2,"2":2,"3":3,"4":3,"5":2,"6":2},"f":{"0":2,"1":3},"b":{"0":[2,1]},"_coverageSchema":"1a1c01bbd47fc00a2c39e90264f33305004495a9","hash":"fc3b1097625215dc6426b78a8e3ca17fb26437c5"}
,"C:\\Users\\Lucas\\Desktop\\tkprojkt\\models\\game.js": {"path":"C:\\Users\\Lucas\\Desktop\\tkprojkt\\models\\game.js","statementMap":{"0":{"start":{"line":2,"column":22},"end":{"line":2,"column":42}},"1":{"start":{"line":4,"column":0},"end":{"line":37,"column":2}},"2":{"start":{"line":5,"column":15},"end":{"line":34,"column":4}},"3":{"start":{"line":36,"column":2},"end":{"line":36,"column":14}}},"fnMap":{"0":{"name":"(anonymous_0)","decl":{"start":{"line":4,"column":17},"end":{"line":4,"column":18}},"loc":{"start":{"line":4,"column":32},"end":{"line":37,"column":1}},"line":4}},"branchMap":{},"s":{"0":2,"1":2,"2":2,"3":2},"f":{"0":2},"b":{},"_coverageSchema":"1a1c01bbd47fc00a2c39e90264f33305004495a9","hash":"3cd6c6700606dd17c437ed3e9e0263b3a26e54b5"}
,"C:\\Users\\Lucas\\Desktop\\tkprojkt\\models\\move.js": {"path":"C:\\Users\\Lucas\\Desktop\\tkprojkt\\models\\move.js","statementMap":{"0":{"start":{"line":2,"column":22},"end":{"line":2,"column":42}},"1":{"start":{"line":4,"column":0},"end":{"line":78,"column":2}},"2":{"start":{"line":5,"column":15},"end":{"line":71,"column":4}},"3":{"start":{"line":74,"column":2},"end":{"line":74,"column":54}},"4":{"start":{"line":75,"column":2},"end":{"line":75,"column":72}},"5":{"start":{"line":77,"column":2},"end":{"line":77,"column":14}}},"fnMap":{"0":{"name":"(anonymous_0)","decl":{"start":{"line":4,"column":17},"end":{"line":4,"column":18}},"loc":{"start":{"line":4,"column":63},"end":{"line":78,"column":1}},"line":4}},"branchMap":{},"s":{"0":1,"1":1,"2":1,"3":1,"4":1,"5":1},"f":{"0":1},"b":{},"_coverageSchema":"1a1c01bbd47fc00a2c39e90264f33305004495a9","hash":"48181f180a3d50f5d270c6ecd5ca117b20c70ead"}
,"C:\\Users\\Lucas\\Desktop\\tkprojkt\\routes\\characterRoutes.js": {"path":"C:\\Users\\Lucas\\Desktop\\tkprojkt\\routes\\characterRoutes.js","statementMap":{"0":{"start":{"line":2,"column":16},"end":{"line":2,"column":34}},"1":{"start":{"line":4,"column":0},"end":{"line":54,"column":2}},"2":{"start":{"line":5,"column":17},"end":{"line":5,"column":33}},"3":{"start":{"line":7,"column":2},"end":{"line":25,"column":5}},"4":{"start":{"line":8,"column":21},"end":{"line":8,"column":40}},"5":{"start":{"line":12,"column":23},"end":{"line":18,"column":6}},"6":{"start":{"line":20,"column":4},"end":{"line":22,"column":5}},"7":{"start":{"line":21,"column":6},"end":{"line":21,"column":93}},"8":{"start":{"line":24,"column":4},"end":{"line":24,"column":37}},"9":{"start":{"line":27,"column":2},"end":{"line":51,"column":5}},"10":{"start":{"line":28,"column":36},"end":{"line":28,"column":46}},"11":{"start":{"line":30,"column":18},"end":{"line":43,"column":6}},"12":{"start":{"line":45,"column":4},"end":{"line":47,"column":5}},"13":{"start":{"line":46,"column":6},"end":{"line":46,"column":102}},"14":{"start":{"line":49,"column":4},"end":{"line":49,"column":32}},"15":{"start":{"line":53,"column":2},"end":{"line":53,"column":16}}},"fnMap":{"0":{"name":"(anonymous_0)","decl":{"start":{"line":4,"column":17},"end":{"line":4,"column":18}},"loc":{"start":{"line":4,"column":61},"end":{"line":54,"column":1}},"line":4},"1":{"name":"(anonymous_1)","decl":{"start":{"line":7,"column":27},"end":{"line":7,"column":28}},"loc":{"start":{"line":7,"column":47},"end":{"line":25,"column":3}},"line":7},"2":{"name":"(anonymous_2)","decl":{"start":{"line":27,"column":38},"end":{"line":27,"column":39}},"loc":{"start":{"line":27,"column":58},"end":{"line":51,"column":3}},"line":27}},"branchMap":{"0":{"loc":{"start":{"line":20,"column":4},"end":{"line":22,"column":5}},"type":"if","locations":[{"start":{"line":20,"column":4},"end":{"line":22,"column":5}},{"start":{},"end":{}}],"line":20},"1":{"loc":{"start":{"line":45,"column":4},"end":{"line":47,"column":5}},"type":"if","locations":[{"start":{"line":45,"column":4},"end":{"line":47,"column":5}},{"start":{},"end":{}}],"line":45}},"s":{"0":2,"1":2,"2":2,"3":2,"4":2,"5":2,"6":2,"7":1,"8":1,"9":2,"10":3,"11":3,"12":3,"13":2,"14":1,"15":2},"f":{"0":2,"1":2,"2":3},"b":{"0":[1,1],"1":[2,1]},"_coverageSchema":"1a1c01bbd47fc00a2c39e90264f33305004495a9","hash":"f1994229676027dd8344e3e830052f421f2330ee"}
}
