TN:
SF:dbTest.js
FNF:0
FNH:0
DA:1,2
DA:3,2
DA:7,2
LF:3
LH:3
BRF:0
BRH:0
end_of_record
TN:
SF:models\characterGame.js
FN:4,(anonymous_0)
FN:21,(anonymous_1)
FNF:2
FNH:2
FNDA:2,(anonymous_0)
FNDA:3,(anonymous_1)
DA:2,2
DA:4,2
DA:5,2
DA:22,3
DA:23,3
DA:51,2
DA:53,2
LF:7
LH:7
BRDA:23,0,0,2
BRDA:23,0,1,1
BRF:2
BRH:2
end_of_record
TN:
SF:models\game.js
FN:4,(anonymous_0)
FNF:1
FNH:1
FNDA:2,(anonymous_0)
DA:2,2
DA:4,2
DA:5,2
DA:36,2
LF:4
LH:4
BRF:0
BRH:0
end_of_record
TN:
SF:models\move.js
FN:4,(anonymous_0)
FNF:1
FNH:1
FNDA:1,(anonymous_0)
DA:2,1
DA:4,1
DA:5,1
DA:74,1
DA:75,1
DA:77,1
LF:6
LH:6
BRF:0
BRH:0
end_of_record
TN:
SF:routes\characterRoutes.js
FN:4,(anonymous_0)
FN:7,(anonymous_1)
FN:27,(anonymous_2)
FNF:3
FNH:3
FNDA:2,(anonymous_0)
FNDA:2,(anonymous_1)
FNDA:3,(anonymous_2)
DA:2,2
DA:4,2
DA:5,2
DA:7,2
DA:8,2
DA:12,2
DA:20,2
DA:21,1
DA:24,1
DA:27,2
DA:28,3
DA:30,3
DA:45,3
DA:46,2
DA:49,1
DA:53,2
LF:16
LH:16
BRDA:20,0,0,1
BRDA:20,0,1,1
BRDA:45,1,0,2
BRDA:45,1,1,1
BRF:4
BRH:4
end_of_record
